<?xml version="1.0" encoding="UTF-8"?>
<!-- Generated by org.testng.reporters.JUnitXMLReporter -->
<testsuite ignored="0" hostname="DESKTOP-FGBT5CD" failures="0" tests="12" name="Flipkart-Regression" time="62.745" errors="0" timestamp="2020-10-04T12:12:57 IST">
  <testcase classname="test.application.testPages.EtoETest" name="logIn" time="0.234"/>
  <testcase classname="test.application.testPages.EtoETest" name="searchItem" time="0.924"/>
  <testcase classname="test.application.testPages.EtoETest" name="sortItem" time="6.182"/>
  <testcase classname="test.application.testPages.EtoETest" name="pinCheckAndBuy" time="5.73"/>
  <testcase classname="test.application.testPages.EtoETest" name="placeOrder" time="8.46"/>
  <testcase classname="test.application.testPages.EtoETest" name="MakePayment" time="1.068"/>
  <testcase classname="test.application.testPages.HomePageTest" name="loginTest" time="1.43"/>
  <testcase classname="test.application.testPages.HomePageTest" name="VerifyTitle" time="0.02"/>
  <testcase classname="test.application.testPages.HomePageTest" name="gotoCartPage" time="5.485">
    <skipped/>
  </testcase> <!-- gotoCartPage -->
  <testcase classname="test.application.testPages.HomePageTest" name="gotoCartPage" time="3.148"/>
  <testcase classname="test.application.testPages.HomePageTest" name="removeCartItem" time="4.442"/>
  <testcase classname="test.application.testPages.HomePageTest" name="LogOut" time="1.331"/>
</testsuite> <!-- Flipkart-Regression -->
