<?xml version="1.0" encoding="UTF-8"?>
<!-- Generated by org.testng.reporters.JUnitXMLReporter -->
<testsuite ignored="0" hostname="DESKTOP-FGBT5CD" failures="0" tests="3" name="HomePageValidations" time="13.619" errors="0" timestamp="2020-08-09T19:13:15 IST">
  <testcase classname="test.application.testPages.HomePageTest" name="loginTest" time="1.597"/>
  <testcase classname="test.application.testPages.HomePageTest" name="VerifyTitle" time="0.012"/>
  <testcase classname="test.application.testPages.HomePageTest" name="LogOut" time="2.425"/>
</testsuite> <!-- HomePageValidations -->
