<?xml version="1.0" encoding="UTF-8"?>
<!-- Generated by org.testng.reporters.JUnitXMLReporter -->
<testsuite ignored="0" hostname="DESKTOP-FGBT5CD" failures="0" tests="11" name="Test" time="47.916" errors="0" timestamp="2020-08-16T11:15:30 IST">
  <testcase classname="test.application.testPages.EtoETest" name="logIn" time="0.154"/>
  <testcase classname="test.application.testPages.EtoETest" name="searchItem" time="1.055"/>
  <testcase classname="test.application.testPages.EtoETest" name="sortItem" time="6.409"/>
  <testcase classname="test.application.testPages.EtoETest" name="pinCheckAndBuy" time="5.673"/>
  <testcase classname="test.application.testPages.EtoETest" name="placeOrder" time="2.391"/>
  <testcase classname="test.application.testPages.EtoETest" name="MakePayment" time="1.613"/>
  <testcase classname="test.application.testPages.HomePageTest" name="loginTest" time="1.472"/>
  <testcase classname="test.application.testPages.HomePageTest" name="VerifyTitle" time="0.014"/>
  <testcase classname="test.application.testPages.HomePageTest" name="gotoCartPage" time="3.121"/>
  <testcase classname="test.application.testPages.HomePageTest" name="removeCartItem" time="4.291"/>
  <testcase classname="test.application.testPages.HomePageTest" name="LogOut" time="0.992"/>
</testsuite> <!-- Test -->
